Build started 2018/1/31 15:00:28.
     1>Project "D:\quanwei\Project\OpenCV_Git\Open_CV\Open_CV\OpenCV_Sample\Open_9\Open_9.vcxproj" on node 2 (build target(s)).
     1>InitializeBuildStatus:
         Creating "Debug\Open_9.unsuccessfulbuild" because "AlwaysCreate" was specified.
       ClCompile:
         C:\Program Files (x86)\Microsoft Visual Studio 10.0\VC\bin\CL.exe /c /I..\..\include /I"C:\Program Files (x86)\Visual Leak Detector\include" /ZI /nologo /W3 /WX- /Od /Oy- /D WIN32 /D _DEBUG /D _CONSOLE /D _UNICODE /D UNICODE /Gm /EHsc /RTC1 /MDd /GS /fp:precise /Zc:wchar_t /Zc:forScope /Fo"Debug\\" /Fd"Debug\vc100.pdb" /Gd /TP /analyze- /errorReport:prompt main.cpp
         main.cpp
       ManifestResourceCompile:
         All outputs are up-to-date.
       Link:
         C:\Program Files (x86)\Microsoft Visual Studio 10.0\VC\bin\link.exe /ERRORREPORT:PROMPT /OUT:"D:\quanwei\Project\OpenCV_Git\Open_CV\Open_CV\OpenCV_Sample\Debug\Open_9.exe" /INCREMENTAL /NOLOGO /LIBPATH:..\..\lib\x86\vc10\lib /LIBPATH:"C:\Program Files (x86)\Visual Leak Detector\lib\Win32" opencv_calib3d247d.lib opencv_contrib247d.lib opencv_core247d.lib opencv_features2d247d.lib opencv_flann247d.lib opencv_gpu247d.lib opencv_highgui247d.lib opencv_imgproc247d.lib opencv_legacy247d.lib opencv_ml247d.lib opencv_nonfree247d.lib opencv_objdetect247d.lib opencv_ocl247d.lib opencv_photo247d.lib opencv_stitching247d.lib opencv_superres247d.lib opencv_ts247d.lib opencv_video247d.lib opencv_videostab247d.lib kernel32.lib user32.lib gdi32.lib winspool.lib comdlg32.lib advapi32.lib shell32.lib ole32.lib oleaut32.lib uuid.lib odbc32.lib odbccp32.lib /MANIFEST /ManifestFile:"Debug\Open_9.exe.intermediate.manifest" /MANIFESTUAC:"level='asInvoker' uiAccess='false'" /DEBUG /PDB:"D:\quanwei\Project\OpenCV_Git\Open_CV\Open_CV\OpenCV_Sample\Debug\Open_9.pdb" /SUBSYSTEM:CONSOLE /TLBID:1 /DYNAMICBASE /NXCOMPAT /IMPLIB:"D:\quanwei\Project\OpenCV_Git\Open_CV\Open_CV\OpenCV_Sample\Debug\Open_9.lib" /MACHINE:X86 Debug\Open_9.exe.embed.manifest.res
         Debug\main.obj
       Manifest:
         C:\Program Files (x86)\Microsoft SDKs\Windows\v7.0A\bin\mt.exe /nologo /verbose /out:"Debug\Open_9.exe.embed.manifest" /manifest Debug\Open_9.exe.intermediate.manifest
         All outputs are up-to-date.
       LinkEmbedManifest:
         All outputs are up-to-date.
         Open_9.vcxproj -> D:\quanwei\Project\OpenCV_Git\Open_CV\Open_CV\OpenCV_Sample\Debug\Open_9.exe
       FinalizeBuildStatus:
         Deleting file "Debug\Open_9.unsuccessfulbuild".
         Touching "Debug\Open_9.lastbuildstate".
     1>Done Building Project "D:\quanwei\Project\OpenCV_Git\Open_CV\Open_CV\OpenCV_Sample\Open_9\Open_9.vcxproj" (build target(s)).

Build succeeded.

Time Elapsed 00:00:05.08
